#
# A fatal error has been detected by the Java Runtime Environment:
#
#  EXCEPTION_ACCESS_VIOLATION (0xc0000005) at pc=0x000000007068248b, pid=4964, tid=724
#
# JRE version: Java(TM) SE Runtime Environment (7.0_51-b13) (build 1.7.0_51-b13)
# Java VM: Java HotSpot(TM) 64-Bit Server VM (24.51-b03 mixed mode windows-amd64 compressed oops)
# Problematic frame:
# V  [jvm.dll+0x14248b]
#
# Failed to write core dump. Minidumps are not enabled by default on client versions of Windows
#
# If you would like to submit a bug report, please visit:
#   http://bugreport.sun.com/bugreport/crash.jsp
#

---------------  T H R E A D  ---------------

Current thread (0x00000000084f8800):  JavaThread "JDWP Transport Listener: dt_socket" daemon [_thread_in_vm, id=724, stack(0x000000000a4d0000,0x000000000a5d0000)]

siginfo: ExceptionCode=0xc0000005, reading address 0xffffffffffffffff

Registers:
RAX=0x000000000a5cf201, RBX=0x00000000084f8800, RCX=0x3b79726f74636146, RDX=0x0000000000000000
RSP=0x000000000a5cf200, RBP=0x3b79726f74636146, RSI=0x000000000a5cf318, RDI=0x00000000003f90a0
R8 =0x00000000084f8800, R9 =0x6c75647f0028000c, R10=0x0000000000000000, R11=0x000000000b4624fd
R12=0x0000000000000000, R13=0x00000000084eab48, R14=0x0000000000000000, R15=0x0000000000000000
RIP=0x000000007068248b, EFLAGS=0x0000000000010202

Top of Stack: (sp=0x000000000a5cf200)
0x000000000a5cf200:   00000000084f8800 0000000000000009
0x000000000a5cf210:   000000000a5cf2c8 0000000070821239
0x000000000a5cf220:   00000000084f8800 000000007083ede2
0x000000000a5cf230:   0000000000000000 0000000064098e89
0x000000000a5cf240:   000000000849f2f0 00000000640a265a
0x000000000a5cf250:   00000000084f8800 0000000000000000
0x000000000a5cf260:   0000000000000000 0000000000000000
0x000000000a5cf270:   3b79726f74636146 00000000640a1751
0x000000000a5cf280:   000000000a5cf318 000000000a5cf2f0
0x000000000a5cf290:   0000000000000001 000000000849f2f0
0x000000000a5cf2a0:   3b79726f74636146 00000000640853b3
0x000000000a5cf2b0:   000000000a5cf3e0 0000000000000001
0x000000000a5cf2c0:   0000000000000001 000000000849f2f0
0x000000000a5cf2d0:   000000000000000a 0000000000000000
0x000000000a5cf2e0:   0000000000000000 0000000000000000
0x000000000a5cf2f0:   0000000000000001 0000000064085571 

Instructions: (pc=0x000000007068248b)
0x000000007068246b:   48 8b 5c 24 30 48 89 47 18 48 83 c4 20 5f c3 cc
0x000000007068247b:   cc cc cc cc cc 40 53 48 83 ec 20 48 85 c9 74 54
0x000000007068248b:   48 8b 19 48 85 db 74 4c 48 b8 fe fe fe fe fe fe
0x000000007068249b:   fe fe 48 3b d8 74 3d 80 3d 8f 87 60 00 00 74 15 


Register to memory mapping:

RAX=0x000000000a5cf201 is pointing into the stack for thread: 0x00000000084f8800
RBX=0x00000000084f8800 is a thread
RCX=0x3b79726f74636146 is an unknown value
RDX=0x0000000000000000 is an unknown value
RSP=0x000000000a5cf200 is pointing into the stack for thread: 0x00000000084f8800
RBP=0x3b79726f74636146 is an unknown value
RSI=0x000000000a5cf318 is pointing into the stack for thread: 0x00000000084f8800
RDI=0x00000000003f90a0 is an unknown value
R8 =0x00000000084f8800 is a thread
R9 =0x6c75647f0028000c is an unknown value
R10=0x0000000000000000 is an unknown value
R11=0x000000000b4624fd is an unknown value
R12=0x0000000000000000 is an unknown value
R13=0x00000000084eab48 is an unknown value
R14=0x0000000000000000 is an unknown value
R15=0x0000000000000000 is an unknown value


Stack: [0x000000000a4d0000,0x000000000a5d0000],  sp=0x000000000a5cf200,  free space=1020k
Native frames: (J=compiled Java code, j=interpreted, Vv=VM code, C=native code)
V  [jvm.dll+0x14248b]


---------------  P R O C E S S  ---------------

Java Threads: ( => current thread )
  0x000000000a954800 JavaThread "DestroyJavaVM" [_thread_blocked, id=4240, stack(0x00000000024e0000,0x00000000025e0000)]
  0x000000000a954000 JavaThread "Thread-0" [_thread_blocked, id=4492, stack(0x000000000a270000,0x000000000a370000)]
  0x000000000a953000 JavaThread "Service Thread" daemon [_thread_blocked, id=3136, stack(0x000000000b010000,0x000000000b110000)]
  0x000000000850d000 JavaThread "C2 CompilerThread1" daemon [_thread_blocked, id=4308, stack(0x000000000aec0000,0x000000000afc0000)]
  0x000000000a94a000 JavaThread "C2 CompilerThread0" daemon [_thread_blocked, id=2704, stack(0x000000000ad70000,0x000000000ae70000)]
  0x0000000008504800 JavaThread "JDWP Command Reader" daemon [_thread_in_native, id=3812, stack(0x000000000a840000,0x000000000a940000)]
  0x0000000008503000 JavaThread "JDWP Event Helper Thread" daemon [_thread_blocked, id=4820, stack(0x000000000a6d0000,0x000000000a7d0000)]
=>0x00000000084f8800 JavaThread "JDWP Transport Listener: dt_socket" daemon [_thread_in_vm, id=724, stack(0x000000000a4d0000,0x000000000a5d0000)]
  0x00000000084f0800 JavaThread "Attach Listener" daemon [_thread_blocked, id=4420, stack(0x0000000009a60000,0x0000000009b60000)]
  0x00000000084e9000 JavaThread "Signal Dispatcher" daemon [_thread_blocked, id=3668, stack(0x0000000009800000,0x0000000009900000)]
  0x0000000008494800 JavaThread "Finalizer" daemon [_thread_blocked, id=5052, stack(0x0000000009920000,0x0000000009a20000)]
  0x000000000848d800 JavaThread "Reference Handler" daemon [_thread_blocked, id=3068, stack(0x0000000009700000,0x0000000009800000)]

Other Threads:
  0x0000000008488000 VMThread [stack: 0x0000000009570000,0x0000000009670000] [id=4356]
  0x000000000a96f000 WatcherThread [stack: 0x000000000b180000,0x000000000b280000] [id=692]

VM state:not at safepoint (normal execution)

VM Mutex/Monitor currently owned by a thread: None

Heap
 PSYoungGen      total 19456K, used 9903K [0x00000000eae00000, 0x00000000ed400000, 0x0000000100000000)
  eden space 16896K, 43% used [0x00000000eae00000,0x00000000eb533d00,0x00000000ebe80000)
  from space 2560K, 98% used [0x00000000ebe80000,0x00000000ec0f8240,0x00000000ec100000)
  to   space 2560K, 0% used [0x00000000ed180000,0x00000000ed180000,0x00000000ed400000)
 ParOldGen       total 43008K, used 1005K [0x00000000c0a00000, 0x00000000c3400000, 0x00000000eae00000)
  object space 43008K, 2% used [0x00000000c0a00000,0x00000000c0afb570,0x00000000c3400000)
 PSPermGen       total 21504K, used 8796K [0x00000000bb800000, 0x00000000bcd00000, 0x00000000c0a00000)
  object space 21504K, 40% used [0x00000000bb800000,0x00000000bc097268,0x00000000bcd00000)

Card table byte_map: [0x00000000055e0000,0x0000000005810000] byte_map_base: 0x0000000005004000

Polling page: 0x0000000000230000

Code Cache  [0x00000000025e0000, 0x0000000002850000, 0x00000000055e0000)
 total_blobs=373 nmethods=106 adapters=227 free_code_cache=48424Kb largest_free_block=49565760

Compilation events (10 events):
Event: 1.599 Thread 0x000000000a94a000  102             java.util.ArrayList::size (5 bytes)
Event: 1.599 Thread 0x000000000a94a000 nmethod 102 0x0000000002683910 code [0x0000000002683a40, 0x0000000002683a98]
Event: 1.600 Thread 0x000000000850d000  103             java.util.HashMap$Entry::getValue (5 bytes)
Event: 1.600 Thread 0x000000000850d000 nmethod 103 0x0000000002690b90 code [0x0000000002690cc0, 0x0000000002690d18]
Event: 1.779 Thread 0x000000000a94a000  104             com.sun.crypto.provider.CipherBlockChaining::decrypt (162 bytes)
Event: 1.819 Thread 0x000000000a94a000 nmethod 104 0x000000000269a0d0 code [0x000000000269a240, 0x000000000269aa98]
Event: 1.827 Thread 0x000000000850d000  105             org.jsoup.parser.Tokeniser::read (93 bytes)
Event: 1.833 Thread 0x000000000a94a000  106             org.jsoup.parser.CharacterReader::isEmpty (17 bytes)
Event: 1.834 Thread 0x000000000a94a000 nmethod 106 0x0000000002684c50 code [0x0000000002684d80, 0x0000000002684dd8]
Event: 1.841 Thread 0x000000000850d000 nmethod 105 0x0000000002678d90 code [0x0000000002678f20, 0x00000000026794a8]

GC Heap History (2 events):
Event: 1.406 GC heap before
{Heap before GC invocations=1 (full 0):
 PSYoungGen      total 19456K, used 16896K [0x00000000eae00000, 0x00000000ec380000, 0x0000000100000000)
  eden space 16896K, 100% used [0x00000000eae00000,0x00000000ebe80000,0x00000000ebe80000)
  from space 2560K, 0% used [0x00000000ec100000,0x00000000ec100000,0x00000000ec380000)
  to   space 2560K, 0% used [0x00000000ebe80000,0x00000000ebe80000,0x00000000ec100000)
 ParOldGen       total 43008K, used 0K [0x00000000c0a00000, 0x00000000c3400000, 0x00000000eae00000)
  object space 43008K, 0% used [0x00000000c0a00000,0x00000000c0a00000,0x00000000c3400000)
 PSPermGen       total 21504K, used 8172K [0x00000000bb800000, 0x00000000bcd00000, 0x00000000c0a00000)
  object space 21504K, 38% used [0x00000000bb800000,0x00000000bbffb2f0,0x00000000bcd00000)
Event: 1.423 GC heap after
Heap after GC invocations=1 (full 0):
 PSYoungGen      total 19456K, used 2528K [0x00000000eae00000, 0x00000000ed400000, 0x0000000100000000)
  eden space 16896K, 0% used [0x00000000eae00000,0x00000000eae00000,0x00000000ebe80000)
  from space 2560K, 98% used [0x00000000ebe80000,0x00000000ec0f8240,0x00000000ec100000)
  to   space 2560K, 0% used [0x00000000ed180000,0x00000000ed180000,0x00000000ed400000)
 ParOldGen       total 43008K, used 1005K [0x00000000c0a00000, 0x00000000c3400000, 0x00000000eae00000)
  object space 43008K, 2% used [0x00000000c0a00000,0x00000000c0afb570,0x00000000c3400000)
 PSPermGen       total 21504K, used 8172K [0x00000000bb800000, 0x00000000bcd00000, 0x00000000c0a00000)
  object space 21504K, 38% used [0x00000000bb800000,0x00000000bbffb2f0,0x00000000bcd00000)
}

Deoptimization events (10 events):
Event: 1.075 Thread 0x000000000a954000 Uncommon trap: reason=unhandled action=none pc=0x0000000002675164 method=sun.misc.BASE64Decoder.decodeAtom(Ljava/io/PushbackInputStream;Ljava/io/OutputStream;I)V @ 46
Event: 1.076 Thread 0x000000000a954000 Uncommon trap: reason=unhandled action=none pc=0x0000000002675164 method=sun.misc.BASE64Decoder.decodeAtom(Ljava/io/PushbackInputStream;Ljava/io/OutputStream;I)V @ 46
Event: 1.078 Thread 0x000000000a954000 Uncommon trap: reason=unhandled action=none pc=0x0000000002675164 method=sun.misc.BASE64Decoder.decodeAtom(Ljava/io/PushbackInputStream;Ljava/io/OutputStream;I)V @ 46
Event: 1.078 Thread 0x000000000a954000 Uncommon trap: reason=unreached action=reinterpret pc=0x000000000265f6a8 method=java.util.Arrays.equals([B[B)Z @ 12
Event: 1.079 Thread 0x000000000a954000 Uncommon trap: reason=unhandled action=none pc=0x0000000002675164 method=sun.misc.BASE64Decoder.decodeAtom(Ljava/io/PushbackInputStream;Ljava/io/OutputStream;I)V @ 46
Event: 1.079 Thread 0x000000000a954000 Uncommon trap: reason=unhandled action=none pc=0x0000000002675164 method=sun.misc.BASE64Decoder.decodeAtom(Ljava/io/PushbackInputStream;Ljava/io/OutputStream;I)V @ 46
Event: 1.486 Thread 0x000000000a954000 Uncommon trap: reason=class_check action=maybe_recompile pc=0x000000000264c7d4 method=java.util.Properties$LineReader.readLine()I @ 62
Event: 1.487 Thread 0x000000000a954000 Uncommon trap: reason=class_check action=maybe_recompile pc=0x000000000264c7d4 method=java.util.Properties$LineReader.readLine()I @ 62
Event: 1.490 Thread 0x000000000a954000 Uncommon trap: reason=class_check action=maybe_recompile pc=0x000000000264c7d4 method=java.util.Properties$LineReader.readLine()I @ 62
Event: 1.493 Thread 0x000000000a954000 Uncommon trap: reason=class_check action=maybe_recompile pc=0x000000000264c7d4 method=java.util.Properties$LineReader.readLine()I @ 62

Internal exceptions (10 events):
Event: 1.594 Thread 0x000000000a954000 Threw 0x00000000eb386be8 at C:\re\jdk7u51\527\hotspot\src\share\vm\prims\jvm.cpp:1244
Event: 1.595 Thread 0x000000000a954000 Threw 0x00000000eb394d98 at C:\re\jdk7u51\527\hotspot\src\share\vm\prims\jvm.cpp:1244
Event: 1.595 Thread 0x000000000a954000 Threw 0x00000000eb39ac40 at C:\re\jdk7u51\527\hotspot\src\share\vm\prims\jvm.cpp:1244
Event: 1.596 Thread 0x000000000a954000 Threw 0x00000000eb3a11b8 at C:\re\jdk7u51\527\hotspot\src\share\vm\prims\jvm.cpp:1244
Event: 1.596 Thread 0x000000000a954000 Threw 0x00000000eb3a75d0 at C:\re\jdk7u51\527\hotspot\src\share\vm\prims\jvm.cpp:1244
Event: 1.597 Thread 0x000000000a954000 Threw 0x00000000eb3ae898 at C:\re\jdk7u51\527\hotspot\src\share\vm\prims\jvm.cpp:1244
Event: 1.598 Thread 0x000000000a954000 Threw 0x00000000eb3b3d78 at C:\re\jdk7u51\527\hotspot\src\share\vm\prims\jvm.cpp:1244
Event: 1.598 Thread 0x000000000a954000 Threw 0x00000000eb3b9980 at C:\re\jdk7u51\527\hotspot\src\share\vm\prims\jvm.cpp:1244
Event: 1.600 Thread 0x000000000a954000 Threw 0x00000000eb3c2440 at C:\re\jdk7u51\527\hotspot\src\share\vm\prims\jvm.cpp:1244
Event: 1.601 Thread 0x000000000a954000 Threw 0x00000000eb3c8ac8 at C:\re\jdk7u51\527\hotspot\src\share\vm\prims\jvm.cpp:1244

Events (10 events):
Event: 4440.523 Executing VM operation: GetCurrentLocation
Event: 4440.523 Executing VM operation: GetCurrentLocation done
Event: 4440.523 Executing VM operation: EnterInterpOnlyMode
Event: 4440.523 Executing VM operation: EnterInterpOnlyMode done
Event: 4440.523 Executing VM operation: ChangeSingleStep
Event: 4440.523 Executing VM operation: ChangeSingleStep done
Event: 4440.524 Executing VM operation: ChangeSingleStep
Event: 4440.524 Executing VM operation: ChangeSingleStep done
Event: 4440.528 Executing VM operation: RedefineClasses
Event: 4440.529 Executing VM operation: RedefineClasses done


Dynamic libraries:
0x000000013fdd0000 - 0x000000013fe03000 	C:\Program Files\Java\jre7\bin\javaw.exe
0x00000000776f0000 - 0x0000000077899000 	C:\Windows\SYSTEM32\ntdll.dll
0x0000000077370000 - 0x000000007748f000 	C:\Windows\system32\kernel32.dll
0x000007fefdd20000 - 0x000007fefdd8b000 	C:\Windows\system32\KERNELBASE.dll
0x000007feff3a0000 - 0x000007feff47b000 	C:\Windows\system32\ADVAPI32.dll
0x000007feff910000 - 0x000007feff9af000 	C:\Windows\system32\msvcrt.dll
0x000007fefdf20000 - 0x000007fefdf3f000 	C:\Windows\SYSTEM32\sechost.dll
0x000007feff6f0000 - 0x000007feff81d000 	C:\Windows\system32\RPCRT4.dll
0x0000000077490000 - 0x000000007758a000 	C:\Windows\system32\USER32.dll
0x000007fefe100000 - 0x000007fefe167000 	C:\Windows\system32\GDI32.dll
0x000007feff820000 - 0x000007feff82e000 	C:\Windows\system32\LPK.dll
0x000007fefe460000 - 0x000007fefe529000 	C:\Windows\system32\USP10.dll
0x000007fefc0b0000 - 0x000007fefc2a4000 	C:\Windows\WinSxS\amd64_microsoft.windows.common-controls_6595b64144ccf1df_6.0.7601.17514_none_fa396087175ac9ac\COMCTL32.dll
0x000007fefdf40000 - 0x000007fefdfb1000 	C:\Windows\system32\SHLWAPI.dll
0x000007feff2d0000 - 0x000007feff2fe000 	C:\Windows\system32\IMM32.DLL
0x000007fefe350000 - 0x000007fefe459000 	C:\Windows\system32\MSCTF.dll
0x0000000070df0000 - 0x0000000070ec2000 	C:\Program Files\Java\jre7\bin\msvcr100.dll
0x0000000070540000 - 0x0000000070d09000 	C:\Program Files\Java\jre7\bin\server\jvm.dll
0x000007fef37c0000 - 0x000007fef37c9000 	C:\Windows\system32\WSOCK32.dll
0x000007feff9b0000 - 0x000007feff9fd000 	C:\Windows\system32\WS2_32.dll
0x000007fefe530000 - 0x000007fefe538000 	C:\Windows\system32\NSI.dll
0x000007fefb9d0000 - 0x000007fefba0b000 	C:\Windows\system32\WINMM.dll
0x00000000778c0000 - 0x00000000778c7000 	C:\Windows\system32\PSAPI.DLL
0x00000000704b0000 - 0x00000000704bf000 	C:\Program Files\Java\jre7\bin\verify.dll
0x0000000070340000 - 0x0000000070368000 	C:\Program Files\Java\jre7\bin\java.dll
0x0000000064080000 - 0x00000000640b5000 	C:\Program Files\Java\jre7\bin\jdwp.dll
0x0000000065880000 - 0x0000000065888000 	C:\Program Files\Java\jre7\bin\npt.dll
0x0000000070290000 - 0x00000000702a5000 	C:\Program Files\Java\jre7\bin\zip.dll
0x0000000064f40000 - 0x0000000064f49000 	C:\Program Files\Java\jre7\bin\dt_socket.dll
0x000007fefc550000 - 0x000007fefc565000 	C:\Windows\system32\NLAapi.dll
0x000007fef7650000 - 0x000007fef7665000 	C:\Windows\system32\napinsp.dll
0x000007fef7670000 - 0x000007fef7689000 	C:\Windows\system32\pnrpnsp.dll
0x000007fefd3c0000 - 0x000007fefd415000 	C:\Windows\System32\mswsock.dll
0x000007fefd240000 - 0x000007fefd29b000 	C:\Windows\system32\DNSAPI.dll
0x000007fef7640000 - 0x000007fef764b000 	C:\Windows\System32\winrnr.dll
0x000007fef7630000 - 0x000007fef7640000 	C:\Windows\system32\wshbth.dll
0x000007fefb510000 - 0x000007fefb537000 	C:\Windows\system32\IPHLPAPI.DLL
0x000007fefb500000 - 0x000007fefb50b000 	C:\Windows\system32\WINNSI.DLL
0x000007fefb030000 - 0x000007fefb083000 	C:\Windows\System32\fwpuclnt.dll
0x000007fef8910000 - 0x000007fef8918000 	C:\Windows\system32\rasadhlp.dll
0x000007fefcd50000 - 0x000007fefcd57000 	C:\Windows\System32\wshtcpip.dll
0x00000000727b0000 - 0x00000000727d4000 	C:\Program Files\Java\jre7\bin\sunec.dll
0x00000000640f0000 - 0x00000000640fb000 	C:\Program Files\Java\jre7\bin\sunmscapi.dll
0x000007fefdd90000 - 0x000007fefdefc000 	C:\Windows\system32\CRYPT32.dll
0x000007fefdbf0000 - 0x000007fefdbff000 	C:\Windows\system32\MSASN1.dll
0x000007fefd420000 - 0x000007fefd437000 	C:\Windows\system32\CRYPTSP.dll
0x000007fefd120000 - 0x000007fefd167000 	C:\Windows\system32\rsaenh.dll
0x000007fefce80000 - 0x000007fefce9e000 	C:\Windows\system32\USERENV.dll
0x000007fefdb50000 - 0x000007fefdb5f000 	C:\Windows\system32\profapi.dll
0x000007fefda80000 - 0x000007fefda8f000 	C:\Windows\system32\CRYPTBASE.dll
0x0000000072740000 - 0x0000000072759000 	C:\Program Files\Java\jre7\bin\net.dll
0x000007fefd3b0000 - 0x000007fefd3b7000 	C:\Windows\System32\wship6.dll
0x0000000072720000 - 0x0000000072731000 	C:\Program Files\Java\jre7\bin\nio.dll
0x000007fef0360000 - 0x000007fef0485000 	C:\Windows\system32\dbghelp.dll

VM Arguments:
jvm_args: -agentlib:jdwp=transport=dt_socket,suspend=y,address=localhost:49326 -Dfile.encoding=Cp1252 
java_command: nth.introspect.github.page.generator.app.IntrospectGitHubPageGenerator createPages https://github.com/ntenhoeve/Introspect-Framework C:\Users\nilsth\My Git\ntenhoeve.github.io\IntrospectGitHubPageGenerator\html
Launcher Type: SUN_STANDARD

Environment Variables:
JAVA_HOME=C:\Program Files\Java\jdk1.7.0_40
PATH=C:\Windows\system32;C:\Windows;C:\Windows\System32\Wbem;C:\Windows\System32\WindowsPowerShell\v1.0\;C:\Program Files (x86)\Common Files\Roxio Shared\DLLShared\;C:\Program Files (x86)\Common Files\Roxio Shared\10.0\DLLShared\;C:\Program Files\Java\jdk1.7.0_40
USERNAME=nilsth
OS=Windows_NT
PROCESSOR_IDENTIFIER=Intel64 Family 6 Model 42 Stepping 7, GenuineIntel



---------------  S Y S T E M  ---------------

OS: Windows 7 , 64 bit Build 7601 Service Pack 1

CPU:total 4 (2 cores per cpu, 2 threads per core) family 6 model 42 stepping 7, cmov, cx8, fxsr, mmx, sse, sse2, sse3, ssse3, sse4.1, sse4.2, popcnt, avx, aes, ht, tsc, tscinvbit

Memory: 4k page, physical 4150204k(2257628k free), swap 8298544k(5745224k free)

vm_info: Java HotSpot(TM) 64-Bit Server VM (24.51-b03) for windows-amd64 JRE (1.7.0_51-b13), built on Dec 18 2013 18:40:56 by "java_re" with unknown MS VC++:1600

time: Fri Apr 11 18:41:09 2014
elapsed time: 4440 seconds

