#
# A fatal error has been detected by the Java Runtime Environment:
#
#  EXCEPTION_ACCESS_VIOLATION (0xc0000005) at pc=0x0000000067a5248b, pid=4800, tid=1020
#
# JRE version: Java(TM) SE Runtime Environment (7.0_51-b13) (build 1.7.0_51-b13)
# Java VM: Java HotSpot(TM) 64-Bit Server VM (24.51-b03 mixed mode windows-amd64 compressed oops)
# Problematic frame:
# V  [jvm.dll+0x14248b]
#
# Failed to write core dump. Minidumps are not enabled by default on client versions of Windows
#
# If you would like to submit a bug report, please visit:
#   http://bugreport.sun.com/bugreport/crash.jsp
#

---------------  T H R E A D  ---------------

Current thread (0x00000000084b6800):  JavaThread "JDWP Transport Listener: dt_socket" daemon [_thread_in_vm, id=1020, stack(0x000000000a1d0000,0x000000000a2d0000)]

siginfo: ExceptionCode=0xc0000005, reading address 0xffffffffffffffff

Registers:
RAX=0x000000000a2cf801, RBX=0x00000000084b6800, RCX=0x74007265706f003b, RDX=0x0000000000000000
RSP=0x000000000a2cf8a0, RBP=0x74007265706f003b, RSI=0x000000000a2cf9b8, RDI=0x00000000021f90a0
R8 =0x00000000084b6800, R9 =0x0000007b003e0004, R10=0x0000000000000000, R11=0x000000000a6abc7a
R12=0x0000000000000000, R13=0x00000000084aab28, R14=0x0000000000000000, R15=0x0000000000000000
RIP=0x0000000067a5248b, EFLAGS=0x0000000000010202

Top of Stack: (sp=0x000000000a2cf8a0)
0x000000000a2cf8a0:   00000000084b6800 000000000000000b
0x000000000a2cf8b0:   000000000a2cf968 0000000067bf1239
0x000000000a2cf8c0:   00000000084b6800 0000000067c0ede2
0x000000000a2cf8d0:   0000000000000000 00000000683e8e89
0x000000000a2cf8e0:   0000000008460668 00000000683f265a
0x000000000a2cf8f0:   00000000084b6800 0000000000000000
0x000000000a2cf900:   0000000000000000 0000000000000000
0x000000000a2cf910:   74007265706f003b 00000000683f1751
0x000000000a2cf920:   000000000a2cf9b8 000000000a2cf990
0x000000000a2cf930:   0000000000000001 0000000008460668
0x000000000a2cf940:   74007265706f003b 00000000683d53b3
0x000000000a2cf950:   000000000a2cfa80 0000000000000001
0x000000000a2cf960:   0000000000000001 0000000008460668
0x000000000a2cf970:   000000000000000a 0000000000000000
0x000000000a2cf980:   0000000000000000 0000000000000000
0x000000000a2cf990:   0000000000000001 00000000683d5571 

Instructions: (pc=0x0000000067a5248b)
0x0000000067a5246b:   48 8b 5c 24 30 48 89 47 18 48 83 c4 20 5f c3 cc
0x0000000067a5247b:   cc cc cc cc cc 40 53 48 83 ec 20 48 85 c9 74 54
0x0000000067a5248b:   48 8b 19 48 85 db 74 4c 48 b8 fe fe fe fe fe fe
0x0000000067a5249b:   fe fe 48 3b d8 74 3d 80 3d 8f 87 60 00 00 74 15 


Register to memory mapping:

RAX=0x000000000a2cf801 is pointing into the stack for thread: 0x00000000084b6800
RBX=0x00000000084b6800 is a thread
RCX=0x74007265706f003b is an unknown value
RDX=0x0000000000000000 is an unknown value
RSP=0x000000000a2cf8a0 is pointing into the stack for thread: 0x00000000084b6800
RBP=0x74007265706f003b is an unknown value
RSI=0x000000000a2cf9b8 is pointing into the stack for thread: 0x00000000084b6800
RDI=0x00000000021f90a0 is an unknown value
R8 =0x00000000084b6800 is a thread
R9 =0x0000007b003e0004 is an unknown value
R10=0x0000000000000000 is an unknown value
R11=0x000000000a6abc7a is an unknown value
R12=0x0000000000000000 is an unknown value
R13=0x00000000084aab28 is an unknown value
R14=0x0000000000000000 is an unknown value
R15=0x0000000000000000 is an unknown value


Stack: [0x000000000a1d0000,0x000000000a2d0000],  sp=0x000000000a2cf8a0,  free space=1022k
Native frames: (J=compiled Java code, j=interpreted, Vv=VM code, C=native code)
V  [jvm.dll+0x14248b]


---------------  P R O C E S S  ---------------

Java Threads: ( => current thread )
  0x000000000a532800 JavaThread "DestroyJavaVM" [_thread_blocked, id=3684, stack(0x0000000002560000,0x0000000002660000)]
  0x000000000a532000 JavaThread "Thread-0" [_thread_blocked, id=4208, stack(0x000000000af80000,0x000000000b080000)]
  0x000000000a531000 JavaThread "Service Thread" daemon [_thread_blocked, id=3216, stack(0x000000000ae00000,0x000000000af00000)]
  0x000000000a52b000 JavaThread "C2 CompilerThread1" daemon [_thread_blocked, id=4788, stack(0x000000000ac80000,0x000000000ad80000)]
  0x000000000a527800 JavaThread "C2 CompilerThread0" daemon [_thread_blocked, id=4220, stack(0x000000000aa90000,0x000000000ab90000)]
  0x00000000084c3800 JavaThread "JDWP Command Reader" daemon [_thread_in_native, id=3784, stack(0x000000000a420000,0x000000000a520000)]
  0x00000000084c2800 JavaThread "JDWP Event Helper Thread" daemon [_thread_blocked, id=772, stack(0x000000000a2e0000,0x000000000a3e0000)]
=>0x00000000084b6800 JavaThread "JDWP Transport Listener: dt_socket" daemon [_thread_in_vm, id=1020, stack(0x000000000a1d0000,0x000000000a2d0000)]
  0x00000000084b0800 JavaThread "Attach Listener" daemon [_thread_blocked, id=4072, stack(0x0000000009a50000,0x0000000009b50000)]
  0x00000000084a9000 JavaThread "Signal Dispatcher" daemon [_thread_blocked, id=5080, stack(0x0000000009860000,0x0000000009960000)]
  0x0000000008454800 JavaThread "Finalizer" daemon [_thread_blocked, id=4980, stack(0x0000000009740000,0x0000000009840000)]
  0x000000000844d800 JavaThread "Reference Handler" daemon [_thread_blocked, id=4976, stack(0x00000000093d0000,0x00000000094d0000)]

Other Threads:
  0x0000000008448000 VMThread [stack: 0x00000000094f0000,0x00000000095f0000] [id=5000]
  0x000000000a558800 WatcherThread [stack: 0x000000000a970000,0x000000000aa70000] [id=1120]

VM state:not at safepoint (normal execution)

VM Mutex/Monitor currently owned by a thread: None

Heap
 PSYoungGen      total 19456K, used 10406K [0x00000000eae00000, 0x00000000ec380000, 0x0000000100000000)
  eden space 16896K, 46% used [0x00000000eae00000,0x00000000eb5b1688,0x00000000ebe80000)
  from space 2560K, 98% used [0x00000000ebe80000,0x00000000ec0f8250,0x00000000ec100000)
  to   space 2560K, 0% used [0x00000000ec100000,0x00000000ec100000,0x00000000ec380000)
 ParOldGen       total 43008K, used 1123K [0x00000000c0a00000, 0x00000000c3400000, 0x00000000eae00000)
  object space 43008K, 2% used [0x00000000c0a00000,0x00000000c0b18fa8,0x00000000c3400000)
 PSPermGen       total 21504K, used 8632K [0x00000000bb800000, 0x00000000bcd00000, 0x00000000c0a00000)
  object space 21504K, 40% used [0x00000000bb800000,0x00000000bc06e268,0x00000000bcd00000)

Card table byte_map: [0x0000000005660000,0x0000000005890000] byte_map_base: 0x0000000005084000

Polling page: 0x0000000000230000

Code Cache  [0x0000000002660000, 0x00000000028d0000, 0x0000000005660000)
 total_blobs=374 nmethods=107 adapters=227 free_code_cache=48417Kb largest_free_block=49560896

Compilation events (10 events):
Event: 52.333 Thread 0x000000000a527800  103             java.util.HashMap$Entry::getValue (5 bytes)
Event: 52.334 Thread 0x000000000a527800 nmethod 103 0x0000000002713010 code [0x0000000002713140, 0x0000000002713198]
Event: 52.585 Thread 0x000000000a527800  104             com.sun.crypto.provider.CipherBlockChaining::decrypt (162 bytes)
Event: 52.616 Thread 0x000000000a527800 nmethod 104 0x0000000002716d10 code [0x0000000002716e80, 0x00000000027176d8]
Event: 52.616 Thread 0x000000000a527800  105             java.util.HashMap::addEntry (69 bytes)
Event: 52.627 Thread 0x000000000a52b000  106             org.jsoup.parser.Tokeniser::read (93 bytes)
Event: 52.628 Thread 0x000000000a527800 nmethod 105 0x000000000271b890 code [0x000000000271ba40, 0x000000000271bee8]
Event: 52.629 Thread 0x000000000a527800  107             org.jsoup.parser.CharacterReader::isEmpty (17 bytes)
Event: 52.630 Thread 0x000000000a527800 nmethod 107 0x0000000002702c50 code [0x0000000002702d80, 0x0000000002702dd8]
Event: 52.635 Thread 0x000000000a52b000 nmethod 106 0x0000000002718f90 code [0x0000000002719120, 0x00000000027196e8]

GC Heap History (2 events):
Event: 3.408 GC heap before
{Heap before GC invocations=1 (full 0):
 PSYoungGen      total 19456K, used 16896K [0x00000000eae00000, 0x00000000ec380000, 0x0000000100000000)
  eden space 16896K, 100% used [0x00000000eae00000,0x00000000ebe80000,0x00000000ebe80000)
  from space 2560K, 0% used [0x00000000ec100000,0x00000000ec100000,0x00000000ec380000)
  to   space 2560K, 0% used [0x00000000ebe80000,0x00000000ebe80000,0x00000000ec100000)
 ParOldGen       total 43008K, used 0K [0x00000000c0a00000, 0x00000000c3400000, 0x00000000eae00000)
  object space 43008K, 0% used [0x00000000c0a00000,0x00000000c0a00000,0x00000000c3400000)
 PSPermGen       total 21504K, used 7972K [0x00000000bb800000, 0x00000000bcd00000, 0x00000000c0a00000)
  object space 21504K, 37% used [0x00000000bb800000,0x00000000bbfc9038,0x00000000bcd00000)
Event: 3.424 GC heap after
Heap after GC invocations=1 (full 0):
 PSYoungGen      total 19456K, used 2528K [0x00000000eae00000, 0x00000000ec380000, 0x0000000100000000)
  eden space 16896K, 0% used [0x00000000eae00000,0x00000000eae00000,0x00000000ebe80000)
  from space 2560K, 98% used [0x00000000ebe80000,0x00000000ec0f8250,0x00000000ec100000)
  to   space 2560K, 0% used [0x00000000ec100000,0x00000000ec100000,0x00000000ec380000)
 ParOldGen       total 43008K, used 1123K [0x00000000c0a00000, 0x00000000c3400000, 0x00000000eae00000)
  object space 43008K, 2% used [0x00000000c0a00000,0x00000000c0b18fa8,0x00000000c3400000)
 PSPermGen       total 21504K, used 7972K [0x00000000bb800000, 0x00000000bcd00000, 0x00000000c0a00000)
  object space 21504K, 37% used [0x00000000bb800000,0x00000000bbfc9038,0x00000000bcd00000)
}

Deoptimization events (10 events):
Event: 3.152 Thread 0x000000000a532000 Uncommon trap: reason=unreached action=reinterpret pc=0x00000000026dc3a8 method=java.util.Arrays.equals([B[B)Z @ 12
Event: 3.153 Thread 0x000000000a532000 Uncommon trap: reason=unhandled action=none pc=0x000000000270ad64 method=sun.misc.BASE64Decoder.decodeAtom(Ljava/io/PushbackInputStream;Ljava/io/OutputStream;I)V @ 46
Event: 3.153 Thread 0x000000000a532000 Uncommon trap: reason=unhandled action=none pc=0x000000000270ad64 method=sun.misc.BASE64Decoder.decodeAtom(Ljava/io/PushbackInputStream;Ljava/io/OutputStream;I)V @ 46
Event: 3.481 Thread 0x000000000a532000 Uncommon trap: reason=class_check action=maybe_recompile pc=0x00000000026c92d4 method=java.util.Properties$LineReader.readLine()I @ 62
Event: 3.481 Thread 0x000000000a532000 Uncommon trap: reason=class_check action=maybe_recompile pc=0x00000000026c92d4 method=java.util.Properties$LineReader.readLine()I @ 62
Event: 3.482 Thread 0x000000000a532000 Uncommon trap: reason=class_check action=maybe_recompile pc=0x00000000026c92d4 method=java.util.Properties$LineReader.readLine()I @ 62
Event: 3.484 Thread 0x000000000a532000 Uncommon trap: reason=class_check action=maybe_recompile pc=0x00000000026c92d4 method=java.util.Properties$LineReader.readLine()I @ 62
Event: 52.213 Thread 0x000000000a532000 Uncommon trap: reason=unhandled action=none pc=0x0000000002713c44 method=java.lang.Integer.parseInt(Ljava/lang/String;I)I @ 204
Event: 52.313 Thread 0x000000000a532000 Uncommon trap: reason=unhandled action=none pc=0x0000000002713c44 method=java.lang.Integer.parseInt(Ljava/lang/String;I)I @ 204
Event: 52.443 Thread 0x000000000a532000 Uncommon trap: reason=class_check action=maybe_recompile pc=0x00000000026f2748 method=java.util.HashMap.put(Ljava/lang/Object;Ljava/lang/Object;)Ljava/lang/Object; @ 105

Internal exceptions (10 events):
Event: 3.580 Thread 0x000000000a532000 Threw 0x00000000eb379920 at C:\re\jdk7u51\527\hotspot\src\share\vm\prims\jvm.cpp:1244
Event: 3.580 Thread 0x000000000a532000 Threw 0x00000000eb37fe98 at C:\re\jdk7u51\527\hotspot\src\share\vm\prims\jvm.cpp:1244
Event: 3.580 Thread 0x000000000a532000 Threw 0x00000000eb3862b0 at C:\re\jdk7u51\527\hotspot\src\share\vm\prims\jvm.cpp:1244
Event: 3.581 Thread 0x000000000a532000 Threw 0x00000000eb38d5a8 at C:\re\jdk7u51\527\hotspot\src\share\vm\prims\jvm.cpp:1244
Event: 3.582 Thread 0x000000000a532000 Threw 0x00000000eb392a88 at C:\re\jdk7u51\527\hotspot\src\share\vm\prims\jvm.cpp:1244
Event: 3.582 Thread 0x000000000a532000 Threw 0x00000000eb398690 at C:\re\jdk7u51\527\hotspot\src\share\vm\prims\jvm.cpp:1244
Event: 3.585 Thread 0x000000000a532000 Threw 0x00000000eb3a0fe0 at C:\re\jdk7u51\527\hotspot\src\share\vm\prims\jvm.cpp:1244
Event: 42.186 Thread 0x000000000a532000 Threw 0x00000000eb3a78c8 at C:\re\jdk7u51\527\hotspot\src\share\vm\prims\jvm.cpp:1244
Event: 59.568 Thread 0x000000000a532000 Threw 0x00000000eb56d278 at C:\re\jdk7u51\527\hotspot\src\share\vm\prims\jvm.cpp:1244
Event: 59.570 Thread 0x000000000a532000 Threw 0x00000000eb570130 at C:\re\jdk7u51\527\hotspot\src\share\vm\prims\jvm.cpp:1244

Events (10 events):
Event: 57.633 Executing VM operation: RevokeBias done
Event: 57.634 Executing VM operation: RevokeBias
Event: 57.634 Executing VM operation: RevokeBias done
Event: 57.634 Thread 0x000000000a533800 Thread exited: 0x000000000a533800
Event: 59.567 loading class 0x000000000b224330
Event: 59.567 loading class 0x000000000b224330 done
Event: 59.569 loading class 0x000000000b0f0950
Event: 59.569 loading class 0x000000000b0f0950 done
Event: 394.236 Executing VM operation: RedefineClasses
Event: 394.237 Executing VM operation: RedefineClasses done


Dynamic libraries:
0x000000013f280000 - 0x000000013f2b3000 	C:\Program Files\Java\jre7\bin\javaw.exe
0x0000000077700000 - 0x00000000778a9000 	C:\Windows\SYSTEM32\ntdll.dll
0x0000000077020000 - 0x000000007713f000 	C:\Windows\system32\kernel32.dll
0x000007fefdc10000 - 0x000007fefdc7b000 	C:\Windows\system32\KERNELBASE.dll
0x000007fefe580000 - 0x000007fefe65b000 	C:\Windows\system32\ADVAPI32.dll
0x000007fefe790000 - 0x000007fefe82f000 	C:\Windows\system32\msvcrt.dll
0x000007feff5d0000 - 0x000007feff5ef000 	C:\Windows\SYSTEM32\sechost.dll
0x000007fefe660000 - 0x000007fefe78d000 	C:\Windows\system32\RPCRT4.dll
0x0000000077140000 - 0x000000007723a000 	C:\Windows\system32\USER32.dll
0x000007fefe150000 - 0x000007fefe1b7000 	C:\Windows\system32\GDI32.dll
0x000007feff820000 - 0x000007feff82e000 	C:\Windows\system32\LPK.dll
0x000007fefe4b0000 - 0x000007fefe579000 	C:\Windows\system32\USP10.dll
0x000007fefc390000 - 0x000007fefc584000 	C:\Windows\WinSxS\amd64_microsoft.windows.common-controls_6595b64144ccf1df_6.0.7601.17514_none_fa396087175ac9ac\COMCTL32.dll
0x000007fefe0d0000 - 0x000007fefe141000 	C:\Windows\system32\SHLWAPI.dll
0x000007fefe1c0000 - 0x000007fefe1ee000 	C:\Windows\system32\IMM32.DLL
0x000007fefe2d0000 - 0x000007fefe3d9000 	C:\Windows\system32\MSCTF.dll
0x00000000680e0000 - 0x00000000681b2000 	C:\Program Files\Java\jre7\bin\msvcr100.dll
0x0000000067910000 - 0x00000000680d9000 	C:\Program Files\Java\jre7\bin\server\jvm.dll
0x000007fef7080000 - 0x000007fef7089000 	C:\Windows\system32\WSOCK32.dll
0x000007fefe3e0000 - 0x000007fefe42d000 	C:\Windows\system32\WS2_32.dll
0x000007fefe830000 - 0x000007fefe838000 	C:\Windows\system32\NSI.dll
0x000007fefb990000 - 0x000007fefb9cb000 	C:\Windows\system32\WINMM.dll
0x00000000778c0000 - 0x00000000778c7000 	C:\Windows\system32\PSAPI.DLL
0x0000000071460000 - 0x000000007146f000 	C:\Program Files\Java\jre7\bin\verify.dll
0x0000000068270000 - 0x0000000068298000 	C:\Program Files\Java\jre7\bin\java.dll
0x00000000683d0000 - 0x0000000068405000 	C:\Program Files\Java\jre7\bin\jdwp.dll
0x00000000683c0000 - 0x00000000683c8000 	C:\Program Files\Java\jre7\bin\npt.dll
0x0000000068240000 - 0x0000000068255000 	C:\Program Files\Java\jre7\bin\zip.dll
0x00000000683b0000 - 0x00000000683b9000 	C:\Program Files\Java\jre7\bin\dt_socket.dll
0x000007fefc0c0000 - 0x000007fefc0d5000 	C:\Windows\system32\NLAapi.dll
0x000007fef9b80000 - 0x000007fef9b95000 	C:\Windows\system32\napinsp.dll
0x000007fef9ba0000 - 0x000007fef9bb9000 	C:\Windows\system32\pnrpnsp.dll
0x000007fefd390000 - 0x000007fefd3e5000 	C:\Windows\System32\mswsock.dll
0x000007fefd210000 - 0x000007fefd26b000 	C:\Windows\system32\DNSAPI.dll
0x000007fef9b70000 - 0x000007fef9b7b000 	C:\Windows\System32\winrnr.dll
0x000007fef9b60000 - 0x000007fef9b70000 	C:\Windows\system32\wshbth.dll
0x000007fefaa30000 - 0x000007fefaa57000 	C:\Windows\system32\IPHLPAPI.DLL
0x000007fefaa20000 - 0x000007fefaa2b000 	C:\Windows\system32\WINNSI.DLL
0x000007fefa880000 - 0x000007fefa8d3000 	C:\Windows\System32\fwpuclnt.dll
0x000007fef9f80000 - 0x000007fef9f88000 	C:\Windows\system32\rasadhlp.dll
0x000007fefcd60000 - 0x000007fefcd67000 	C:\Windows\System32\wshtcpip.dll
0x000000005c100000 - 0x000000005c124000 	C:\Program Files\Java\jre7\bin\sunec.dll
0x00000000683a0000 - 0x00000000683ab000 	C:\Program Files\Java\jre7\bin\sunmscapi.dll
0x000007fefdda0000 - 0x000007fefdf0c000 	C:\Windows\system32\CRYPT32.dll
0x000007fefdc00000 - 0x000007fefdc0f000 	C:\Windows\system32\MSASN1.dll
0x000007fefd3f0000 - 0x000007fefd407000 	C:\Windows\system32\CRYPTSP.dll
0x000007fefd0f0000 - 0x000007fefd137000 	C:\Windows\system32\rsaenh.dll
0x000007fefce90000 - 0x000007fefceae000 	C:\Windows\system32\USERENV.dll
0x000007fefdb60000 - 0x000007fefdb6f000 	C:\Windows\system32\profapi.dll
0x000007fefda90000 - 0x000007fefda9f000 	C:\Windows\system32\CRYPTBASE.dll
0x00000000678f0000 - 0x0000000067909000 	C:\Program Files\Java\jre7\bin\net.dll
0x000007fefd380000 - 0x000007fefd387000 	C:\Windows\System32\wship6.dll
0x00000000678d0000 - 0x00000000678e1000 	C:\Program Files\Java\jre7\bin\nio.dll
0x000007fef3670000 - 0x000007fef3795000 	C:\Windows\system32\dbghelp.dll

VM Arguments:
jvm_args: -agentlib:jdwp=transport=dt_socket,suspend=y,address=localhost:49437 -Dfile.encoding=Cp1252 
java_command: nth.introspect.github.page.generator.app.IntrospectGitHubPageGenerator createPages https://github.com/ntenhoeve/Introspect-Framework C:\Users\nilsth\My Git\ntenhoeve.github.io\IntrospectGitHubPageGenerator\html
Launcher Type: SUN_STANDARD

Environment Variables:
JAVA_HOME=C:\Program Files\Java\jdk1.7.0_40
PATH=C:\Windows\system32;C:\Windows;C:\Windows\System32\Wbem;C:\Windows\System32\WindowsPowerShell\v1.0\;C:\Program Files (x86)\Common Files\Roxio Shared\DLLShared\;C:\Program Files (x86)\Common Files\Roxio Shared\10.0\DLLShared\;C:\Program Files\Java\jdk1.7.0_40
USERNAME=nilsth
OS=Windows_NT
PROCESSOR_IDENTIFIER=Intel64 Family 6 Model 42 Stepping 7, GenuineIntel



---------------  S Y S T E M  ---------------

OS: Windows 7 , 64 bit Build 7601 Service Pack 1

CPU:total 4 (2 cores per cpu, 2 threads per core) family 6 model 42 stepping 7, cmov, cx8, fxsr, mmx, sse, sse2, sse3, ssse3, sse4.1, sse4.2, popcnt, avx, aes, ht, tsc, tscinvbit

Memory: 4k page, physical 4150204k(2306928k free), swap 8298544k(5791144k free)

vm_info: Java HotSpot(TM) 64-Bit Server VM (24.51-b03) for windows-amd64 JRE (1.7.0_51-b13), built on Dec 18 2013 18:40:56 by "java_re" with unknown MS VC++:1600

time: Fri Apr 11 08:03:00 2014
elapsed time: 394 seconds

